<?xml version="1.0" encoding="UTF-8"?>
<testsuite xmlns:xsi="http://www.w3.org/2001/XMLSchema-instance" xsi:noNamespaceSchemaLocation="https://maven.apache.org/surefire/maven-surefire-plugin/xsd/surefire-test-report.xsd" name="models.BankAccountTest" time="0.388" tests="3" errors="0" skipped="0" failures="0">
  <properties>
[...]
</properties>
  <testcase name="testWithdrawInsufficientFunds" classname="models.BankAccountTest" time="0.342"/>
  <testcase name="testWithdrawSufficientFunds" classname="models.BankAccountTest" time="0.012"/>
  <testcase name="testDeposit" classname="models.BankAccountTest" time="0.006"/>
</testsuite>